1 48d1de -1 -1 13 - - -         0            0       48d1e2            0 SET      ADD
2 48d1de -1 -1 13 R - -         1            0       48d1e2            0 SET      ADD_IMM
1 48d1e2 -1  5 45 - - L      -264  7fffe7ff048       48d1e9            0 CMP      LOAD
2 48d1e2 45  3 44 W - -         0            0       48d1e9            0 CMP      SUB
1 48d1e9 -1  5  3 - - L      -200  7fffe7ff088       48d1f0            0 MOV      LOAD
1 48d1f0 -1 -1  0 - - -         0            0       48d1f3            0 SET      ADD
2 48d1f0 -1 -1  0 R - -         1            0       48d1f3            0 SET      ADD_IMM
1 48d1f3 -1 -1 12 - - -         0            0       48d1f6            0 XOR      ADD
1 48d1f6 13  0 13 W - -         0            0       48d1f9            0 OR       OR
1 48d1f9 -1 -1 -1 - T -        54            0       48d1fb       48d231 JMP      JMP_IMM
1 48d231 -1  3  0 - - L         0  7fffe7fefd0       48d234            0 MOV      LOAD
1 48d234  0  0 44 W - -         0            0       48d237            0 TEST     AND
1 48d237 -1 -1 -1 R N -       -25            0       48d239       48d220 J        JMP_IMM
1 48d239 -1  0  7 - - L         8      12ff228       48d23d            0 MOV      LOAD
1 48d23d -1  7 44 - - L         0      12ff200       48d240            0 MOVZX    LOAD
2 48d23d 44 -1  0 - - -         0            0       48d240            0 MOVZX    ZEXT_WORD_TO_DWORD
1 48d240  0 -1 44 W - -        61            0       48d244            0 CMP      SUB_IMM
1 48d244 -1 -1 -1 R N -       -75            0       48d246       48d1fb J        JMP_IMM
1 48d246 -1 -1  6 - - -         0            0       48d248            0 XOR      ADD
1 48d248 -1 -1 44 - - -         0            0       48d24d            0 CALL     SAVE_PC
2 48d248  4 -1  4 - - -         8            0       48d24d            0 CALL     SUB_IMM
3 48d248 44  4 -1 - - S         0  7fffe7fefc8       48d24d            0 CALL     STORE
4 48d248 -1 -1 -1 - T -     -5149            0       48d24d       48be30 CALL     JMP_IMM
1 48be30 15  4 -1 - - S        -8  7fffe7fefc0       48be32            0 PUSH     STORE
2 48be30  4 -1  4 - - -         8            0       48be32            0 PUSH     SUB_IMM
1 48be32 14  4 -1 - - S        -8  7fffe7fefb8       48be34            0 PUSH     STORE
2 48be32  4 -1  4 - - -         8            0       48be34            0 PUSH     SUB_IMM
1 48be34 13  4 -1 - - S        -8  7fffe7fefb0       48be36            0 PUSH     STORE
2 48be34  4 -1  4 - - -         8            0       48be36            0 PUSH     SUB_IMM
1 48be36  7 -1 13 - - -         0            0       48be39            0 MOV      ADD
1 48be39 12  4 -1 - - S        -8  7fffe7fefa8       48be3b            0 PUSH     STORE
2 48be39  4 -1  4 - - -         8            0       48be3b            0 PUSH     SUB_IMM
1 48be3b  6 -1 12 - - -         0            0       48be3e            0 MOV      ADD
1 48be3e  5  4 -1 - - S        -8  7fffe7fefa0       48be3f            0 PUSH     STORE
2 48be3e  4 -1  4 - - -         8            0       48be3f            0 PUSH     SUB_IMM
1 48be3f  3  4 -1 - - S        -8  7fffe7fef98       48be40            0 PUSH     STORE
2 48be3f  4 -1  4 - - -         8            0       48be40            0 PUSH     SUB_IMM
1 48be40  4 -1  4 W - -        24            0       48be44            0 SUB      SUB_IMM
1 48be44 -1  7 44 - - L         0      12ff200       48be47            0 MOVZX    LOAD
2 48be44 44 -1  0 - - -         0            0       48be47            0 MOVZX    ZEXT_WORD_TO_DWORD
1 48be47  0 -1 44 W - -        61            0       48be4b            0 CMP      SUB_IMM
1 48be4b -1 -1 -1 R T -       115            0       48be4d       48bec0 J        JMP_IMM
1 48bec0 -1  7  5 - - L         8      12ff208       48bec3            0 MOV      LOAD
1 48bec3  5 -1 44 W - -        52            0       48bec6            0 CMP      SUB_IMM
1 48bec6 -1 -1 -1 R N -      2912            0       48becc       48ca2c J        JMP_IMM
1 48becc -1 -1 45 - - -   5887758            0       48bed2            0 CMP      SAVE_PC
2 48becc -1 45 45 - - L         0       a295e0       48bed2            0 CMP      LOAD
3 48becc  5 45 44 W - -         0            0       48bed2            0 CMP      SUB
1 48bed2 -1 -1 -1 R T -      1312            0       48bed8       48c3f8 J        JMP_IMM
1 48c3f8 -1 -1 44 - - -   5886441            0       48c3ff            0 MOV      SAVE_PC
2 48c3f8 -1 44  2 - - L         0       a295e8       48c3ff            0 MOV      LOAD
1 48c3ff  2  2 44 W - -         0            0       48c402            0 TEST     AND
1 48c402 -1 -1 -1 R T -     -1257            0       48c408       48bf1f J        JMP_IMM
1 48bf1f -1  2 12 - - L        20       d5cbf4       48bf23            0 MOV      LOAD
1 48bf23 12 -1 12 W - -        31            0       48bf27            0 AND      AND_IMM
1 48bf27 -1 -1 45 - - -   5887667            0       48bf2d            0 CMP      SAVE_PC
2 48bf27 -1 45 45 - - L         0       a295e0       48bf2d            0 CMP      LOAD
3 48bf27  5 45 44 W - -         0            0       48bf2d            0 CMP      SUB
1 48bf2d -1 -1 -1 R T -      2851            0       48bf33       48ca56 J        JMP_IMM
1 48ca56 -1 -1 44 - - -   5884811            0       48ca5d            0 MOV      SAVE_PC
2 48ca56 -1 44  2 - - L         0       a295e8       48ca5d            0 MOV      LOAD
1 48ca5d  2  2 44 W - -         0            0       48ca60            0 TEST     AND
1 48ca60 -1 -1 -1 R T -     -2691            0       48ca66       48bfe3 J        JMP_IMM
1 48bfe3 -1  2  0 - - L        20       d5cbf4       48bfe6            0 MOV      LOAD
1 48bfe6  5  0 44 W - -         0            0       48bfe8            0 CMP      SUB
1 48bfe8 -1 -1 -1 R T -       248            0       48bfee       48c0e6 J        JMP_IMM
1 48c0e6 -1 -1 45 - - -   5887220            0       48c0ec            0 CMP      SAVE_PC
2 48c0e6 -1 45 45 - - L         0       a295e0       48c0ec            0 CMP      LOAD
3 48c0e6  5 45 44 W - -         0            0       48c0ec            0 CMP      SUB
1 48c0ec -1 -1 -1 R T -      2383            0       48c0f2       48ca41 J        JMP_IMM
1 48ca41 -1 -1 44 - - -   5884832            0       48ca48            0 MOV      SAVE_PC
2 48ca41 -1 44  2 - - L         0       a295e8       48ca48            0 MOV      LOAD
1 48ca48  2  2 44 W - -         0            0       48ca4b            0 TEST     AND
1 48ca4b -1 -1 -1 R T -     -2331            0       48ca51       48c136 J        JMP_IMM
1 48c136 -1  2 45 - - L        24       d5cbf8       48c13a            0 ADD      LOAD
2 48c136 45 -1 44 W - -         1            0       48c13a            0 ADD      ADD_IMM
3 48c136 44  2 -1 - - S        24       d5cbf8       48c13a            0 ADD      STORE
1 48c13a  5 -1 44 W - -        52            0       48c13d            0 CMP      SUB_IMM
1 48c13d 12 -1 12 - - -         0            0       48c140            0 MOV      ADD
1 48c140 -1 -1 -1 R T -       604            0       48c146       48c3a2 J        JMP_IMM
1 48c3a2 -1 13 45 - - L         0      12ff200       48c3a8            0 CMP      LOAD
2 48c3a2 45 -1 44 W - -        61            0       48c3a8            0 CMP      SUB_IMM
1 48c3a8 -1 13 44 - - L         2      12ff202       48c3ad            0 MOVZX    LOAD
2 48c3a8 44 -1  5 - - -         0            0       48c3ad            0 MOVZX    ZEXT_BYTE_TO_DWORD
1 48c3ad -1 -1 -1 R T -      -196            0       48c3b3       48c2ef J        JMP_IMM
1 48c2ef 12 -1  3 - - L  10655264       a29620       48c2f7            0 MOV      LOAD
1 48c2f7 -1 13  2 - - L         8      12ff208       48c2fb            0 MOV      LOAD
1 48c2fb  3  3 44 W - -         0            0       48c2fe            0 TEST     AND
1 48c2fe -1 -1 -1 R T -        18            0       48c300       48c312 J        JMP_IMM
1 48c312 -1  3  0 - - L         0       d5cb80       48c315            0 MOV      LOAD
1 48c315 -1  0 45 - - L         0      12e5860       48c319            0 CMP      LOAD
2 48c315 45 -1 44 W - -        61            0       48c319            0 CMP      SUB_IMM
1 48c319 -1 -1 -1 R T -       -22            0       48c31b       48c305 J        JMP_IMM
1 48c305 -1  3  3 - - L        16       d5cb90       48c309            0 MOV      LOAD
1 48c309  3  3 44 W - -         0            0       48c30c            0 TEST     AND
1 48c30c -1 -1 -1 R T -      -308            0       48c312       48c1de J        JMP_IMM
1 48c1de  4 -1  4 W - -        24            0       48c1e2            0 ADD      ADD_IMM
1 48c1e2 -1  4  3 - - L         0  7fffe7fef98       48c1e3            0 POP      LOAD
2 48c1e2  4 -1  4 - - -         8            0       48c1e3            0 POP      ADD_IMM
1 48c1e3 -1  4  5 - - L         0  7fffe7fefa0       48c1e4            0 POP      LOAD
2 48c1e3  4 -1  4 - - -         8            0       48c1e4            0 POP      ADD_IMM
1 48c1e4 -1  4 12 - - L         0  7fffe7fefa8       48c1e6            0 POP      LOAD
2 48c1e4  4 -1  4 - - -         8            0       48c1e6            0 POP      ADD_IMM
1 48c1e6 -1  4 13 - - L         0  7fffe7fefb0       48c1e8            0 POP      LOAD
2 48c1e6  4 -1  4 - - -         8            0       48c1e8            0 POP      ADD_IMM
1 48c1e8 -1  4 14 - - L         0  7fffe7fefb8       48c1ea            0 POP      LOAD
2 48c1e8  4 -1  4 - - -         8            0       48c1ea            0 POP      ADD_IMM
1 48c1ea -1  4 15 - - L         0  7fffe7fefc0       48c1ec            0 POP      LOAD
2 48c1ea  4 -1  4 - - -         8            0       48c1ec            0 POP      ADD_IMM
1 48c1ec -1  4 44 - - L         0  7fffe7fefc8       48c1ed            0 RET      LOAD
2 48c1ec  4 -1  4 - - -         8            0       48c1ed            0 RET      ADD_IMM
3 48c1ec 44 -1 -1 - T -         0            0       48c1ed       48d24d RET      JMP_REG
1 48d24d -1 -1 -1 - T -       -47            0       48d24f       48d220 JMP      JMP_IMM
1 48d220 12 -1 12 W - -         1            0       48d224            0 ADD      ADD_IMM
1 48d224  3 -1  3 W - -        80            0       48d228            0 ADD      ADD_IMM
1 48d228 -1  5 45 - - L      -236  7fffe7ff064       48d22f            0 CMP      LOAD
2 48d228 12 45 44 W - -         0            0       48d22f            0 CMP      SUB
1 48d22f -1 -1 -1 R T -        30            0       48d231       48d24f J        JMP_IMM
1 48d24f -1  5  0 - - L      -256  7fffe7ff050       48d256            0 MOV      LOAD
1 48d256 -1  0 45 - - L         0      1301240       48d25a            0 CMP      LOAD
2 48d256 45 -1 44 W - -        32            0       48d25a            0 CMP      SUB_IMM
1 48d25a -1 -1 -1 R T -      2104            0       48d260       48da98 J        JMP_IMM
1 48da98 -1  0  0 - - L        32      1301260       48da9c            0 MOV      LOAD
1 48da9c -1  0  0 - - L         0      12ff220       48da9e            0 MOV      LOAD
1 48da9e  0 -1  0 W - - 134283263            0       48daa3            0 AND      AND_IMM
1 48daa3  0 -1 44 W - - 134217769            0       48daa8            0 CMP      SUB_IMM
1 48daa8 -1 -1 -1 R T -     -2126            0       48daae       48d260 J        JMP_IMM
1 48d260 -1  5 11 - - L      -236  7fffe7ff064       48d267            0 MOV      LOAD
1 48d267 11 11 44 W - -         0            0       48d26a            0 TEST     AND
1 48d26a -1 -1 -1 R N -      1088            0       48d270       48d6b0 J        JMP_IMM
1 48d270 -1  5  1 - - L      -200  7fffe7ff088       48d277            0 MOV      LOAD
1 48d277 -1  5 -1 - - S       -48  7fffe7ff120       48d27e            0 MOV      STORE
1 48d27e  1  5 -1 - - S       -56  7fffe7ff118       48d282            0 MOV      STORE
1 48d282 -1 -1 -1 - T -        29            0       48d284       48d2a1 JMP      JMP_IMM
1 48d2a1 -1  5  3 - - L       -56  7fffe7ff118       48d2a5            0 MOV      LOAD
1 48d2a5 -1  3  0 - - L         0  7fffe7fefd0       48d2a8            0 MOV      LOAD
1 48d2a8  0  0 44 W - -         0            0       48d2ab            0 TEST     AND
1 48d2ab -1 -1 -1 R N -       -36            0       48d2ad       48d289 J        JMP_IMM
1 48d2ad -1  0  7 - - L         8      12ff228       48d2b1            0 MOV      LOAD
1 48d2b1 -1  7 45 - - L         0      12ff200       48d2b5            0 CMP      LOAD
2 48d2b1 45 -1 44 W - -        61            0       48d2b5            0 CMP      SUB_IMM
1 48d2b5 -1 -1 -1 R N -       -51            0       48d2b7       48d284 J        JMP_IMM
1 48d2b7 -1  7  1 - - L         8      12ff208       48d2ba            0 MOV      LOAD
1 48d2ba  1 -1 44 W - -        52            0       48d2bd            0 CMP      SUB_IMM
1 48d2bd -1 -1 -1 R T -       948            0       48d2c3       48d677 J        JMP_IMM
1 48d677 -1 -1  0 - - -         1            0       48d67c            0 MOV      ADD_IMM
1 48d67c -1 -1 -1 - T -      -850            0       48d681       48d32f JMP      JMP_IMM
1 48d32f  0  1  0 W - -         0            0       48d331            0 ADD      ADD
1 48d331  1  0 44 W - -         0            0       48d333            0 CMP      SUB
1 48d333 -1 -1 -1 R N -      -176            0       48d339       48d289 J        JMP_IMM
1 48d339  1 -1 13 - - -         0            0       48d33c            0 MOV      ADD
1 48d33c -1 -1 45 - - -   5882525            0       48d343            0 CMP      SAVE_PC
2 48d33c -1 45 45 - - L         0       a295e0       48d343            0 CMP      LOAD
3 48d33c 45 13 44 W - -         0            0       48d343            0 CMP      SUB
1 48d343  0  5 -1 - - S      -268  7fffe7ff044       48d349            0 MOV      STORE
1 48d349 -1 -1 -1 R T -       438            0       48d34f       48d505 J        JMP_IMM
1 48d505 -1 -1 44 - - -   5882076            0       48d50c            0 MOV      SAVE_PC
2 48d505 -1 44  2 - - L         0       a295e8       48d50c            0 MOV      LOAD
1 48d50c  2  2 44 W - -         0            0       48d50f            0 TEST     AND
1 48d50f -1 -1 -1 R T -      -382            0       48d515       48d397 J        JMP_IMM
1 48d397 -1  2 10 - - L        28       d5cbfc       48d39b            0 MOV      LOAD
1 48d39b 10 10 44 W - -         0            0       48d39e            0 TEST     AND
1 48d39e -1 -1 -1 R T -       323            0       48d3a4       48d4e7 J        JMP_IMM
1 48d4e7 13 -1 13 W - -         1            0       48d4eb            0 ADD      ADD_IMM
1 48d4eb -1  5 45 - - L      -268  7fffe7ff044       48d4f2            0 CMP      LOAD
2 48d4eb 45 13 44 W - -         0            0       48d4f2            0 CMP      SUB
1 48d4f2 -1 -1 -1 R T -      -623            0       48d4f8       48d289 J        JMP_IMM
1 48d289 -1  5 45 - - L       -48  7fffe7ff120       48d28d            0 ADD      LOAD
2 48d289 45 -1 44 W - -         1            0       48d28d            0 ADD      ADD_IMM
3 48d289 44  5 -1 - - S       -48  7fffe7ff120       48d28d            0 ADD      STORE
1 48d28d -1  5 45 - - L       -56  7fffe7ff118       48d292            0 ADD      LOAD
2 48d28d 45 -1 44 W - -        80            0       48d292            0 ADD      ADD_IMM
3 48d28d 44  5 -1 - - S       -56  7fffe7ff118       48d292            0 ADD      STORE
1 48d292 -1  5  0 - - L      -236  7fffe7ff064       48d298            0 MOV      LOAD
1 48d298 -1  5 45 - - L       -48  7fffe7ff120       48d29b            0 CMP      LOAD
2 48d298 45  0 44 W - -         0            0       48d29b            0 CMP      SUB
1 48d29b -1 -1 -1 R T -      1093            0       48d2a1       48d6e6 J        JMP_IMM
1 48d6e6 -1  5  1 - - L      -200  7fffe7ff088       48d6ed            0 MOV      LOAD
1 48d6ed -1 -1  6 - - -         0            0       48d6ef            0 XOR      ADD
1 48d6ef -1 -1 -1 - - -         0            0       48d6f0            0 XCHG     NOP
1 48d6f0 -1 -1 -1 - T -        15            0       48d6f2       48d701 JMP      JMP_IMM
1 48d701 -1  1 45 - - L         0  7fffe7fefd0       48d705            0 CMP      LOAD
2 48d701 45 -1 44 W - -         0            0       48d705            0 CMP      SUB
1 48d705 -1 -1 -1 R N -       -21            0       48d707       48d6f2 J        JMP_IMM
1 48d707 -1  1  0 - - L        16  7fffe7fefe0       48d70b            0 MOV      LOAD
1 48d70b  0  0 44 W - -         0            0       48d70e            0 TEST     AND
1 48d70e -1 -1 -1 R N -       -30            0       48d710       48d6f2 J        JMP_IMM
1 48d710 -1  0 45 - - L        48       d5c880       48d715            0 CMP      LOAD
2 48d710 45 -1 44 W - -         0            0       48d715            0 CMP      SUB
1 48d715 -1 -1 -1 R T -       -37            0       48d717       48d6f2 J        JMP_IMM
1 48d6f2  6 -1  6 W - -         1            0       48d6f5            0 ADD      ADD_IMM
1 48d6f5  1 -1  1 W - -        80            0       48d6f9            0 ADD      ADD_IMM
1 48d6f9 -1  5 45 - - L      -236  7fffe7ff064       48d6ff            0 CMP      LOAD
2 48d6f9  6 45 44 W - -         0            0       48d6ff            0 CMP      SUB
1 48d6ff -1 -1 -1 R T -        60            0       48d701       48d73d J        JMP_IMM
1 48d73d -1  5  1 - - L      -200  7fffe7ff088       48d744            0 MOV      LOAD
1 48d744 -1  5 -1 - - S      -240  7fffe7ff060       48d74e            0 MOV      STORE
1 48d74e  1  5 -1 - - S       -64  7fffe7ff110       48d752            0 MOV      STORE
1 48d752 -1 -1 -1 - T -        51            0       48d754       48d787 JMP      JMP_IMM
1 48d787 -1  5  2 - - L       -64  7fffe7ff110       48d78b            0 MOV      LOAD
1 48d78b -1  2  0 - - L         0  7fffe7fefd0       48d78e            0 MOV      LOAD
1 48d78e  0  0 44 W - -         0            0       48d791            0 TEST     AND
1 48d791 -1 -1 -1 R N -       -42            0       48d793       48d769 J        JMP_IMM
1 48d793 -1 -1 44 - - -   6401678            0       48d79a            0 MOV      SAVE_PC
2 48d793 -1 44  9 - - L         0       aa8628       48d79a            0 MOV      LOAD
1 48d79a -1  0 12 - - L         8      12ff228       48d79e            0 MOV      LOAD
1 48d79e -1  2 14 - - L        32  7fffe7feff0       48d7a2            0 MOV      LOAD
1 48d7a2  9  9 44 W - -         0            0       48d7a5            0 TEST     AND
1 48d7a5 -1 -1 -1 R T -       -83            0       48d7a7       48d754 J        JMP_IMM
1 48d754 -1 12 44 - - L         2      12ff202       48d75a            0 MOVZX    LOAD
2 48d754 44 -1  2 - - -         0            0       48d75a            0 MOVZX    ZEXT_BYTE_TO_DWORD
1 48d75a  2 -1 44 W - -        51            0       48d75d            0 CMP      SUB_IMM
1 48d75d -1 -1 -1 R N -        10            0       48d75f       48d769 J        JMP_IMM
1 48d75f -1  5 45 - - L      -264  7fffe7ff048       48d767            0 CMP      LOAD
2 48d75f 45 -1 44 W - -         0            0       48d767            0 CMP      SUB
1 48d767 -1 -1 -1 R T -       105            0       48d769       48d7d2 J        JMP_IMM
1 48d7d2 -1  5  1 - - L       -64  7fffe7ff110       48d7d6            0 MOV      LOAD
1 48d7d6 -1  1  6 - - L        16  7fffe7fefe0       48d7da            0 MOV      LOAD
1 48d7da  6  6 44 W - -         0            0       48d7dd            0 TEST     AND
1 48d7dd -1 -1 -1 - - -         0            0       48d7e0            0 NOP      NOP
1 48d7e0 -1 -1 -1 R N -      -121            0       48d7e2       48d769 J        JMP_IMM
1 48d7e2 -1 12 44 - - L         0      12ff200       48d7e7            0 MOVZX    LOAD
2 48d7e2 44 -1  0 - - -         0            0       48d7e7            0 MOVZX    ZEXT_WORD_TO_DWORD
1 48d7e7  0 -1 44 W - -        63            0       48d7eb            0 CMP      SUB_IMM
1 48d7eb -1 -1 -1 R N -      1941            0       48d7f1       48df86 J        JMP_IMM
1 48d7f1  0 -1 44 W - -        64            0       48d7f5            0 CMP      SUB_IMM
1 48d7f5 -1 -1 -1 R T -        14            0       48d7f7       48d805 J        JMP_IMM
1 48d805  0 -1 44 W - -        61            0       48d809            0 CMP      SUB_IMM
1 48d809 -1 -1 -1 R T -      1962            0       48d80f       48dfb9 J        JMP_IMM
1 48dfb9 -1 -1  2 - - -         1            0       48dfbe            0 MOV      ADD_IMM
1 48dfbe 12 -1  7 - - -         0            0       48dfc1            0 MOV      ADD
1 48dfc1 -1 -1 44 - - -         0            0       48dfc6            0 CALL     SAVE_PC
2 48dfc1  4 -1  4 - - -         8            0       48dfc6            0 CALL     SUB_IMM
3 48dfc1 44  4 -1 - - S         0  7fffe7fefc8       48dfc6            0 CALL     STORE
4 48dfc1 -1 -1 -1 - T -    -19590            0       48dfc6       489340 CALL     JMP_IMM
1 489340 14  4 -1 - - S        -8  7fffe7fefc0       489342            0 PUSH     STORE
2 489340  4 -1  4 - - -         8            0       489342            0 PUSH     SUB_IMM
1 489342  2 -1 14 - - -         0            0       489345            0 MOV      ADD
1 489345 13  4 -1 - - S        -8  7fffe7fefb8       489347            0 PUSH     STORE
2 489345  4 -1  4 - - -         8            0       489347            0 PUSH     SUB_IMM
1 489347  6 -1 13 - - -         0            0       48934a            0 MOV      ADD
1 48934a 12  4 -1 - - S        -8  7fffe7fefb0       48934c            0 PUSH     STORE
2 48934a  4 -1  4 - - -         8            0       48934c            0 PUSH     SUB_IMM
1 48934c  5  4 -1 - - S        -8  7fffe7fefa8       48934d            0 PUSH     STORE
2 48934c  4 -1  4 - - -         8            0       48934d            0 PUSH     SUB_IMM
1 48934d  7 -1  5 - - -         0            0       489350            0 MOV      ADD
1 489350  3  4 -1 - - S        -8  7fffe7fefa0       489351            0 PUSH     STORE
2 489350  4 -1  4 - - -         8            0       489351            0 PUSH     SUB_IMM
1 489351 -1  7 44 - - L         0      12ff200       489354            0 MOVZX    LOAD
2 489351 44 -1  0 - - -         0            0       489354            0 MOVZX    ZEXT_WORD_TO_DWORD
1 489354  0 -1 44 W - -        61            0       489358            0 CMP      SUB_IMM
1 489358 -1 -1 -1 R T -       258            0       48935e       489460 J        JMP_IMM
1 489460 -1  7  3 - - L         8      12ff208       489463            0 MOV      LOAD
1 489463 -1 -1 45 - - -   5898615            0       489469            0 CMP      SAVE_PC
2 489463 -1 45 45 - - L         0       a295e0       489469            0 CMP      LOAD
3 489463  3 45 44 W - -         0            0       489469            0 CMP      SUB
1 489469 -1 -1 -1 R T -      1657            0       48946f       489ae8 J        JMP_IMM
1 489ae8 -1 -1 44 - - -   5896953            0       489aef            0 MOV      SAVE_PC
2 489ae8 -1 44  2 - - L         0       a295e8       489aef            0 MOV      LOAD
1 489aef  2  2 44 W - -         0            0       489af2            0 TEST     AND
1 489af2 -1 -1 -1 R T -     -1499            0       489af8       48951d J        JMP_IMM
1 48951d -1  2 45 - - L        20       d5cbf4       489520            0 CMP      LOAD
2 48951d 45  3 44 W - -         0            0       489520            0 CMP      SUB
1 489520 -1 -1 -1 R T -       236            0       489526       489612 J        JMP_IMM
1 489612 13 13 44 W - -         0            0       489615            0 TEST     AND
1 489615 -1 -1 -1 R N -       533            0       48961b       489830 J        JMP_IMM
1 48961b -1 13  1 - - L        48       d5c880       48961f            0 MOV      LOAD
1 48961f  1  1 44 W - -         0            0       489622            0 TEST     AND
1 489622 -1 -1 -1 R T -        25            0       489624       48963d J        JMP_IMM
1 48963d -1  1  2 - - L         0       d5c850       489640            0 MOV      LOAD
1 489640 -1  2 45 - - L         0      11e80c0       489644            0 CMP      LOAD
2 489640 45 -1 44 W - -        61            0       489644            0 CMP      SUB_IMM
1 489644 -1 -1 -1 R T -       -22            0       489646       489630 J        JMP_IMM
1 489630 -1  1  1 - - L        32       d5c870       489634            0 MOV      LOAD
1 489634  1  1 44 W - -         0            0       489637            0 TEST     AND
1 489637 -1 -1 -1 R N -       499            0       48963d       489830 J        JMP_IMM
1 48963d -1  1  2 - - L         0       d56870       489640            0 MOV      LOAD
1 489640 -1  2 45 - - L         0      12e5b20       489644            0 CMP      LOAD
2 489640 45 -1 44 W - -        61            0       489644            0 CMP      SUB_IMM
1 489644 -1 -1 -1 R N -       -22            0       489646       489630 J        JMP_IMM
1 489646 -1  2 44 - - L         2      12e5b22       48964a            0 MOVZX    LOAD
2 489646 44 -1  0 - - -         0            0       48964a            0 MOVZX    ZEXT_BYTE_TO_DWORD
1 48964a -1  5 45 - - L         2      12ff202       48964d            0 CMP      LOAD
2 48964a  0 45 44 W - -         0            0       48964d            0 CMP      SUB
1 48964d -1 -1 -1 R N -       -31            0       48964f       489630 J        JMP_IMM
1 48964f -1  2  5 - - L         8      12e5b28       489652            0 MOV      LOAD
1 489652 -1 -1 45 - - -   5898120            0       489658            0 CMP      SAVE_PC
2 489652 -1 45 45 - - L         0       a295e0       489658            0 CMP      LOAD
3 489652  5 45 44 W - -         0            0       489658            0 CMP      SUB
1 489658 -1 -1 -1 R N -      1749            0       48965e       489d33 J        JMP_IMM
1 48965e  5 -1  0 - - -         0            0       489660            0 MOV      ADD
1 489660  0 -1  0 W - -         7            0       489663            0 SHR      SHR_IMM
1 489663  0  5  0 W - -         0            0       489665            0 XOR      XOR
1 489665  0 -1  0 W - -       127            0       489668            0 AND      AND_IMM
1 489668  0 -1  0 W - -         3            0       48966c            0 SHL      SHL_IMM
1 48966c -1  0  2 - - L  10654176       a291f0       489673            0 MOV      LOAD
1 489673 -1  0 12 - - -  10654176            0       48967a            0 LEA      LEA
1 48967a  2  2 44 W - -         0            0       48967d            0 TEST     AND
1 48967d -1 -1 -1 R N -        27            0       48967f       48969a J        JMP_IMM
1 48967f -1  2 45 - - L        16       d56a30       489682            0 CMP      LOAD
2 48967f 45  5 44 W - -         0            0       489682            0 CMP      SUB
1 489682 -1 -1 -1 R N -        14            0       489684       489692 J        JMP_IMM
1 489684 -1 -1 -1 - T -       122            0       489686       489700 JMP      JMP_IMM
1 489700 -1  2 12 - - L        20       d56a34       489704            0 MOV      LOAD
1 489704 -1 -1 44 - - -   5897942            0       48970a            0 MOV      SAVE_PC
2 489704  5 44 -1 - - S         0       a295e0       48970a            0 MOV      STORE
1 48970a -1 -1 44 - - -   5897943            0       489711            0 MOV      SAVE_PC
2 48970a  2 44 -1 - - S         0       a295e8       489711            0 MOV      STORE
1 489711 12 -1  0 - - -         0            0       489714            0 MOVSX    SEXT_DWORD_TO_QWORD
1 489714  0  0 14 - - -         0            0       489718            0 LEA      LEA
1 489718 14 -1 14 W - -         4            0       48971c            0 SHL      SHL_IMM
1 48971c 14 -1 13 - - -         0            0       48971f            0 MOV      ADD
1 48971f -1 -1 44 - - -   5896810            0       489726            0 ADD      SAVE_PC
2 48971f -1 44 44 - - L         0       a29190       489726            0 ADD      LOAD
3 48971f 13 44 13 W - -         0            0       489726            0 ADD      ADD
1 489726 -1  2 45 - - L        20       d56a34       489729            0 CMP      LOAD
2 489726 45  5 44 W - -         0            0       489729            0 CMP      SUB
1 489729 -1 -1 -1 R N -      1931            0       48972f       489eba J        JMP_IMM
1 48972f -1 -1 45 - - -   5897899            0       489735            0 CMP      SAVE_PC
2 48972f -1 45 45 - - L         0       a295e0       489735            0 CMP      LOAD
3 48972f  3 45 44 W - -         0            0       489735            0 CMP      SUB
1 489735 -1 -1 -1 R N -      1577            0       48973b       489d64 J        JMP_IMM
1 48973b  3 -1  0 - - -         0            0       48973d            0 MOV      ADD
1 48973d  0 -1  0 W - -         7            0       489740            0 SHR      SHR_IMM
1 489740  0  3  0 W - -         0            0       489742            0 XOR      XOR
1 489742  0 -1  0 W - -       127            0       489745            0 AND      AND_IMM
1 489745  0 -1  0 W - -         3            0       489749            0 SHL      SHL_IMM
1 489749 -1  0  2 - - L  10654176       a29250       489750            0 MOV      LOAD
1 489750 -1  0  5 - - -  10654176            0       489757            0 LEA      LEA
1 489757  2  2 44 W - -         0            0       48975a            0 TEST     AND
1 48975a -1 -1 -1 R T -        17            0       48975c       48976d J        JMP_IMM
1 48976d -1  2 45 - - L        16       d5cbf0       489770            0 CMP      LOAD
2 48976d  3 45 44 W - -         0            0       489770            0 CMP      SUB
1 489770 -1 -1 -1 R N -       -17            0       489772       489761 J        JMP_IMM
1 489772 -1 -1 44 - - -   5897832            0       489778            0 MOV      SAVE_PC
2 489772  3 44 -1 - - S         0       a295e0       489778            0 MOV      STORE
1 489778 -1 -1 44 - - -   5897833            0       48977f            0 MOV      SAVE_PC
2 489778  2 44 -1 - - S         0       a295e8       48977f            0 MOV      STORE
1 48977f 12  2 -1 - - S        20       d5cbf4       489783            0 MOV      STORE
1 489783 -1 13  2 - - L        28      178640c       489787            0 MOV      LOAD
1 489787 -1 13  7 - - L        32      1786410       48978b            0 MOV      LOAD
1 48978b  2 -1 44 W - -        52            0       48978e            0 CMP      SUB_IMM
1 48978e -1 -1 -1 R T -        49            0       489790       4897c1 J        JMP_IMM
1 4897c1  3 -1 44 W - -        52            0       4897c4            0 CMP      SUB_IMM
1 4897c4 -1 -1 -1 R T -      1455            0       4897ca       489d79 J        JMP_IMM
1 489d79  2 -1 44 W - -        52            0       489d7c            0 CMP      SUB_IMM
1 489d7c  2 -1  1 - - -         0            0       489d7e            0 MOV      ADD
1 489d7e  3 -1  8 - - -         0            0       489d81            0 MOV      ADD
1 489d81 -1 -1 -1 R N -     -1406            0       489d87       489809 J        JMP_IMM
1 489d87 -1 -1 44 - - -   6443730            0       489d8e            0 MOV      SAVE_PC
2 489d87 -1 44 10 - - L         0       aaf060       489d8e            0 MOV      LOAD
1 489d8e -1 -1 44 - - -   5896299            0       489d95            0 MOV      SAVE_PC
2 489d8e -1 44  6 - - L         0       a29600       489d95            0 MOV      LOAD
1 489d95  8 10  1 - - L        32      170bfc0       489d9a            0 MOV      LOAD
1 489d9a -1  1 44 - - L         4      1622348       489d9e            0 MOVSX    LOAD
2 489d9a 44 -1  0 - - -         0            0       489d9e            0 MOVSX    SEXT_DWORD_TO_QWORD
1 489d9e  0  6  9 - - L         0      165e210       489da2            0 MOV      LOAD
1 489da2 -1 -1 45 - - -   5896275            0       489da9            0 CMP      SAVE_PC
2 489da2 -1 45 45 - - L         0       a295fc       489da9            0 CMP      LOAD
3 489da2  9 45 44 W - -         0            0       489da9            0 CMP      SUB
1 489da9 -1 -1 -1 R N -        18            0       489dab       489dbd J        JMP_IMM
1 489dab -1  1 44 - - L         0      1622344       489dae            0 MOVSX    LOAD
2 489dab 44 -1  0 - - -         0            0       489dae            0 MOVSX    SEXT_DWORD_TO_QWORD
1 489dae  0  6  0 - - L         0      165e20c       489db1            0 MOV      LOAD
1 489db1 -1 -1 45 - - -   5896257            0       489db7            0 CMP      SAVE_PC
2 489db1 -1 45 45 - - L         0       a295f8       489db7            0 CMP      LOAD
3 489db1  0 45 44 W - -         0            0       489db7            0 CMP      SUB
1 489db7 -1 -1 -1 R T -      -357            0       489dbd       489c58 J        JMP_IMM
1 489c58  7 -1 44 W - -        52            0       489c5b            0 CMP      SUB_IMM
1 489c5b -1 -1 -1 R T -       583            0       489c61       489ea8 J        JMP_IMM
1 489ea8 -1 -1 44 - - -   5894905            0       489eaf            0 MOV      SAVE_PC
2 489ea8 -1 44  6 - - L         0       a291a8       489eaf            0 MOV      LOAD
1 489eaf  7 -1  0 - - -         0            0       489eb1            0 MOV      ADD
1 489eb1  0 -1  0 W - -         3            0       489eb5            0 SHL      SHL_IMM
1 489eb5 -1 -1 -1 - T -      -559            0       489eba       489c8b JMP      JMP_IMM
1 489c8b  0  6  2 - - -         0            0       489c8f            0 LEA      LEA
1 489c8f  8  6  1 - - -         0            0       489c93            0 LEA      LEA
1 489c93 -1  2  0 - - L         0      164eeb8       489c95            0 MOV      LOAD
1 489c95  0  1 -1 - - S         0      164f240       489c97            0 MOV      STORE
1 489c97 -1  2  0 - - L         0      164eeb8       489c99            0 MOV      LOAD
1 489c99  0  0 44 W - -         0            0       489c9b            0 TEST     AND
1 489c9b -1 -1 -1 R T -       367            0       489ca1       489e10 J        JMP_IMM
1 489e10 -1 -1 44 - - -   5895033            0       489e17            0 MOV      SAVE_PC
2 489e10 -1 44  0 - - L         0       a29190       489e17            0 MOV      LOAD
1 489e17 14  0 44 - - -        32            0       489e1c            0 MOV      LEA
2 489e17  3 44 -1 - - S         0      1786410       489e1c            0 MOV      STORE
1 489e1c -1 -1 -1 - T -      -378            0       489e21       489ca7 JMP      JMP_IMM
1 489ca7 -1 -1  0 - - -         1            0       489cac            0 MOV      ADD_IMM
1 489cac  3  2 -1 - - S         0      164eeb8       489cae            0 MOV      STORE
1 489cae  7  1 -1 - - S         4      164f244       489cb1            0 MOV      STORE
1 489cb1 -1 -1 -1 - T -     -1714            0       489cb6       489604 JMP      JMP_IMM
1 489604 -1  4  3 - - L         0  7fffe7fefa0       489605            0 POP      LOAD
2 489604  4 -1  4 - - -         8            0       489605            0 POP      ADD_IMM
1 489605 -1  4  5 - - L         0  7fffe7fefa8       489606            0 POP      LOAD
2 489605  4 -1  4 - - -         8            0       489606            0 POP      ADD_IMM
1 489606 -1  4 12 - - L         0  7fffe7fefb0       489608            0 POP      LOAD
2 489606  4 -1  4 - - -         8            0       489608            0 POP      ADD_IMM
1 489608 -1  4 13 - - L         0  7fffe7fefb8       48960a            0 POP      LOAD
2 489608  4 -1  4 - - -         8            0       48960a            0 POP      ADD_IMM
1 48960a -1  4 14 - - L         0  7fffe7fefc0       48960c            0 POP      LOAD
2 48960a  4 -1  4 - - -         8            0       48960c            0 POP      ADD_IMM
1 48960c -1  4 44 - - L         0  7fffe7fefc8       48960d            0 RET      LOAD
2 48960c  4 -1  4 - - -         8            0       48960d            0 RET      ADD_IMM
3 48960c 44 -1 -1 - T -         0            0       48960d       48dfc6 RET      JMP_REG
1 48dfc6  0  0 44 W - -         0            0       48dfc8            0 TEST     AND
1 48dfc8 -1 -1 -1 R N -     -1973            0       48dfce       48d819 J        JMP_IMM
1 48dfce 12 -1  7 - - -         0            0       48dfd1            0 MOV      ADD
1 48dfd1 -1 -1 44 - - -         0            0       48dfd6            0 CALL     SAVE_PC
2 48dfd1  4 -1  4 - - -         8            0       48dfd6            0 CALL     SUB_IMM
3 48dfd1 44  4 -1 - - S         0  7fffe7fefc8       48dfd6            0 CALL     STORE
4 48dfd1 -1 -1 -1 - T -    -24518            0       48dfd6       488010 CALL     JMP_IMM
1 488010 15  4 -1 - - S        -8  7fffe7fefc0       488012            0 PUSH     STORE
2 488010  4 -1  4 - - -         8            0       488012            0 PUSH     SUB_IMM
1 488012  7 -1 15 - - -         0            0       488015            0 MOV      ADD
1 488015 14  4 -1 - - S        -8  7fffe7fefb8       488017            0 PUSH     STORE
2 488015  4 -1  4 - - -         8            0       488017            0 PUSH     SUB_IMM
1 488017 13  4 -1 - - S        -8  7fffe7fefb0       488019            0 PUSH     STORE
2 488017  4 -1  4 - - -         8            0       488019            0 PUSH     SUB_IMM
1 488019 12  4 -1 - - S        -8  7fffe7fefa8       48801b            0 PUSH     STORE
2 488019  4 -1  4 - - -         8            0       48801b            0 PUSH     SUB_IMM
1 48801b  5  4 -1 - - S        -8  7fffe7fefa0       48801c            0 PUSH     STORE
2 48801b  4 -1  4 - - -         8            0       48801c            0 PUSH     SUB_IMM
1 48801c  3  4 -1 - - S        -8  7fffe7fef98       48801d            0 PUSH     STORE
2 48801c  4 -1  4 - - -         8            0       48801d            0 PUSH     SUB_IMM
1 48801d  4 -1  4 W - -         8            0       488021            0 SUB      SUB_IMM
1 488021 -1  7 45 - - L         0      12ff200       488025            0 CMP      LOAD
2 488021 45 -1 44 W - -        63            0       488025            0 CMP      SUB_IMM
1 488025 -1 -1 -1 R N -       473            0       48802b       488204 J        JMP_IMM
1 48802b -1 15 45 - - L         0      12ff200       488030            0 CMP      LOAD
2 48802b 45 -1 44 W - -        61            0       488030            0 CMP      SUB_IMM
1 488030 -1 -1 -1 R T -        15            0       488032       488041 J        JMP_IMM
1 488041 -1 15  3 - - L         8      12ff208       488045            0 MOV      LOAD
1 488045 -1 -1 45 - - -   5903765            0       48804b            0 CMP      SAVE_PC
2 488045 -1 45 45 - - L         0       a295e0       48804b            0 CMP      LOAD
3 488045  3 45 44 W - -         0            0       48804b            0 CMP      SUB
1 48804b -1 -1 -1 R T -       771            0       488051       488354 J        JMP_IMM
1 488354 -1 -1 44 - - -   5902989            0       48835b            0 MOV      SAVE_PC
2 488354 -1 44  2 - - L         0       a295e8       48835b            0 MOV      LOAD
1 48835b  2  2 44 W - -         0            0       48835e            0 TEST     AND
1 48835e -1 -1 -1 R T -      -719            0       488364       488095 J        JMP_IMM
1 488095 -1  2  5 - - L        28       d5cbfc       488098            0 MOV      LOAD
1 488098  5  5 44 W - -         0            0       48809a            0 TEST     AND
1 48809a -1 -1 -1 R T -      -106            0       48809c       488032 J        JMP_IMM
1 488032  4 -1  4 W - -         8            0       488036            0 ADD      ADD_IMM
1 488036 -1  4  3 - - L         0  7fffe7fef98       488037            0 POP      LOAD
2 488036  4 -1  4 - - -         8            0       488037            0 POP      ADD_IMM
1 488037 -1  4  5 - - L         0  7fffe7fefa0       488038            0 POP      LOAD
2 488037  4 -1  4 - - -         8            0       488038            0 POP      ADD_IMM
1 488038 -1  4 12 - - L         0  7fffe7fefa8       48803a            0 POP      LOAD
2 488038  4 -1  4 - - -         8            0       48803a            0 POP      ADD_IMM
1 48803a -1  4 13 - - L         0  7fffe7fefb0       48803c            0 POP      LOAD
2 48803a  4 -1  4 - - -         8            0       48803c            0 POP      ADD_IMM
1 48803c -1  4 14 - - L         0  7fffe7fefb8       48803e            0 POP      LOAD
2 48803c  4 -1  4 - - -         8            0       48803e            0 POP      ADD_IMM
1 48803e -1  4 15 - - L         0  7fffe7fefc0       488040            0 POP      LOAD
2 48803e  4 -1  4 - - -         8            0       488040            0 POP      ADD_IMM
1 488040 -1  4 44 - - L         0  7fffe7fefc8       488041            0 RET      LOAD
2 488040  4 -1  4 - - -         8            0       488041            0 RET      ADD_IMM
3 488040 44 -1 -1 - T -         0            0       488041       48dfd6 RET      JMP_REG
1 48dfd6 -1 12 45 - - L         0      12ff200       48dfdc            0 CMP      LOAD
2 48dfd6 45 -1 44 W - -        61            0       48dfdc            0 CMP      SUB_IMM
1 48dfdc -1 -1 -1 R N -      4259            0       48dfe2       48f085 J        JMP_IMM
1 48dfe2 -1 12  3 - - L         8      12ff208       48dfe7            0 MOV      LOAD
1 48dfe7  3 -1 44 W - -        52            0       48dfea            0 CMP      SUB_IMM
1 48dfea -1 -1 -1 R N -      4245            0       48dff0       48f085 J        JMP_IMM
1 48dff0 -1 -1 45 - - -   5879274            0       48dff6            0 CMP      SAVE_PC
2 48dff0 -1 45 45 - - L         0       a295e0       48dff6            0 CMP      LOAD
3 48dff0  3 45 44 W - -         0            0       48dff6            0 CMP      SUB
1 48dff6 -1 -1 -1 R T -      4212            0       48dffc       48f070 J        JMP_IMM
1 48f070 -1 -1 44 - - -   5875057            0       48f077            0 MOV      SAVE_PC
2 48f070 -1 44  2 - - L         0       a295e8       48f077            0 MOV      LOAD
1 48f077  2  2 44 W - -         0            0       48f07a            0 TEST     AND
1 48f07a -1 -1 -1 R T -     -4156            0       48f080       48e044 J        JMP_IMM
1 48e044 -1  2  0 - - L        20       d5cbf4       48e047            0 MOV      LOAD
1 48e047  0 -1  0 W - -        31            0       48e04a            0 AND      AND_IMM
1 48e04a -1  5  2 - - L       -64  7fffe7ff110       48e04e            0 MOV      LOAD
1 48e04e  0  2 -1 - - S        28  7fffe7fefec       48e051            0 MOV      STORE
1 48e051 -1 -1 -1 - T -     -2109            0       48e056       48d819 JMP      JMP_IMM
1 48d819 -1 14 45 - - L         0      12ff200       48d81e            0 CMP      LOAD
2 48d819 45 -1 44 W - -        66            0       48d81e            0 CMP      SUB_IMM
1 48d81e -1 -1 -1 R T -        14            0       48d820       48d82e J        JMP_IMM
1 48d82e -1  5  0 - - L       -64  7fffe7ff110       48d832            0 MOV      LOAD
1 48d832 -1 12 44 - - L         2      12ff202       48d838            0 MOVZX    LOAD
2 48d832 44 -1  1 - - -         0            0       48d838            0 MOVZX    ZEXT_BYTE_TO_DWORD
1 48d838 12 -1  7 - - -         0            0       48d83b            0 MOV      ADD
1 48d83b -1  0  2 - - L        28  7fffe7fefec       48d83e            0 MOV      LOAD
1 48d83e -1  0  6 - - L        16  7fffe7fefe0       48d842            0 MOV      LOAD
1 48d842 -1 -1 44 - - -         0            0       48d847            0 CALL     SAVE_PC
2 48d842  4 -1  4 - - -         8            0       48d847            0 CALL     SUB_IMM
3 48d842 44  4 -1 - - S         0  7fffe7fefc8       48d847            0 CALL     STORE
4 48d842 -1 -1 -1 - T -    -44183            0       48d847       482bb0 CALL     JMP_IMM
1 482bb0 15  4 -1 - - S        -8  7fffe7fefc0       482bb2            0 PUSH     STORE
2 482bb0  4 -1  4 - - -         8            0       482bb2            0 PUSH     SUB_IMM
1 482bb2  2 -1 15 - - -         0            0       482bb5            0 MOV      ADD
1 482bb5 14  4 -1 - - S        -8  7fffe7fefb8       482bb7            0 PUSH     STORE
2 482bb5  4 -1  4 - - -         8            0       482bb7            0 PUSH     SUB_IMM
1 482bb7  6 -1 14 - - -         0            0       482bba            0 MOV      ADD
1 482bba 13  4 -1 - - S        -8  7fffe7fefb0       482bbc            0 PUSH     STORE
2 482bba  4 -1  4 - - -         8            0       482bbc            0 PUSH     SUB_IMM
1 482bbc 12  4 -1 - - S        -8  7fffe7fefa8       482bbe            0 PUSH     STORE
2 482bbc  4 -1  4 - - -         8            0       482bbe            0 PUSH     SUB_IMM
1 482bbe  5  4 -1 - - S        -8  7fffe7fefa0       482bbf            0 PUSH     STORE
2 482bbe  4 -1  4 - - -         8            0       482bbf            0 PUSH     SUB_IMM
1 482bbf  7 -1  5 - - -         0            0       482bc2            0 MOV      ADD
1 482bc2  3  4 -1 - - S        -8  7fffe7fef98       482bc3            0 PUSH     STORE
2 482bc2  4 -1  4 - - -         8            0       482bc3            0 PUSH     SUB_IMM
1 482bc3  4 -1  4 W - -         8            0       482bc7            0 SUB      SUB_IMM
1 482bc7 -1  7 45 - - L         0      12ff200       482bcb            0 CMP      LOAD
2 482bc7 45 -1 44 W - -        61            0       482bcb            0 CMP      SUB_IMM
1 482bcb  1  4 -1 - - S         0  7fffe7fef90       482bce            0 MOV      STORE
1 482bce -1 -1 -1 R T -       926            0       482bd4       482f72 J        JMP_IMM
1 482f72 -1  7  3 - - L         8      12ff208       482f75            0 MOV      LOAD
1 482f75 -1 -1 45 - - -   5924453            0       482f7b            0 CMP      SAVE_PC
2 482f75 -1 45 45 - - L         0       a295e0       482f7b            0 CMP      LOAD
3 482f75  3 45 44 W - -         0            0       482f7b            0 CMP      SUB
1 482f7b -1 -1 -1 R T -      1389            0       482f81       4834ee J        JMP_IMM
1 4834ee -1 -1 44 - - -   5923059            0       4834f5            0 MOV      SAVE_PC
2 4834ee -1 44  2 - - L         0       a295e8       4834f5            0 MOV      LOAD
1 4834f5  2  2 44 W - -         0            0       4834f8            0 TEST     AND
1 4834f8 -1 -1 -1 R T -     -1334            0       4834fe       482fc8 J        JMP_IMM
1 482fc8 -1  2 45 - - L        20       d5cbf4       482fcb            0 CMP      LOAD
2 482fc8 45  3 44 W - -         0            0       482fcb            0 CMP      SUB
1 482fcb -1 -1 -1 R N -      2468            0       482fd1       483975 J        JMP_IMM
1 482fd1 -1  5 45 - - L         0      12ff200       482fd6            0 CMP      LOAD
2 482fd1 45 -1 44 W - -        61            0       482fd6            0 CMP      SUB_IMM
1 482fd6 -1 -1 -1 R N -     -1032            0       482fdc       482bd4 J        JMP_IMM
1 482fdc  3 -1 44 W - -        52            0       482fdf            0 CMP      SUB_IMM
1 482fdf -1 -1 -1 R T -     -1041            0       482fe5       482bd4 J        JMP_IMM
1 482bd4 -1 -1 44 - - -   5925701            0       482bdb            0 MOV      SAVE_PC
2 482bd4 -1 44 13 - - L         0       a29720       482bdb            0 MOV      LOAD
1 482bdb 13 13 44 W - -         0            0       482bde            0 TEST     AND
1 482bde -1 -1 -1 R N -      2289            0       482be4       4834d5 J        JMP_IMM
1 482be4 -1 13  0 - - L        16       d5d040       482be8            0 MOV      LOAD
1 482be8 -1 -1 44 - - -   5925681            0       482bef            0 MOV      SAVE_PC
2 482be8  0 44 -1 - - S         0       a29720       482bef            0 MOV      STORE
1 482bef  5 13 -1 - - S         0       d5d030       482bf3            0 MOV      STORE
1 482bf3 -1 13 -1 - - S         8       d5d038       482bfb            0 MOV      STORE
1 482bfb -1  5 44 - - L         0      12ff200       482bff            0 MOVZX    LOAD
2 482bfb 44 -1  0 - - -         0            0       482bff            0 MOVZX    ZEXT_WORD_TO_DWORD
1 482bff  0 -1 44 W - -        61            0       482c03            0 CMP      SUB_IMM
1 482c03 -1 -1 -1 R T -       832            0       482c09       482f49 J        JMP_IMM
1 482f49 -1 -1  0 - - -         0            0       482f4b            0 XOR      ADD
1 482f4b -1 -1 -1 - T -      -814            0       482f50       482c22 JMP      JMP_IMM
1 482c22  0 13 -1 - - S        64       d5d070       482c26            0 MOV      STORE
1 482c26  5 -1  7 - - -         0            0       482c29            0 MOV      ADD
1 482c29 -1 -1 44 - - -         0            0       482c2e            0 CALL     SAVE_PC
2 482c29  4 -1  4 - - -         8            0       482c2e            0 CALL     SUB_IMM
3 482c29 44  4 -1 - - S         0  7fffe7fef88       482c2e            0 CALL     STORE
4 482c29 -1 -1 -1 - T -    -13902            0       482c2e       47f5e0 CALL     JMP_IMM
1 47f5e0 12  4 -1 - - S        -8  7fffe7fef80       47f5e2            0 PUSH     STORE
2 47f5e0  4 -1  4 - - -         8            0       47f5e2            0 PUSH     SUB_IMM
1 47f5e2  5  4 -1 - - S        -8  7fffe7fef78       47f5e3            0 PUSH     STORE
2 47f5e2  4 -1  4 - - -         8            0       47f5e3            0 PUSH     SUB_IMM
1 47f5e3 -1 -1  5 - - -         0            0       47f5e5            0 XOR      ADD
1 47f5e5  3  4 -1 - - S        -8  7fffe7fef70       47f5e6            0 PUSH     STORE
2 47f5e5  4 -1  4 - - -         8            0       47f5e6            0 PUSH     SUB_IMM
1 47f5e6 -1 -1  3 - - -         0            0       47f5e8            0 XOR      ADD
1 47f5e8  4 -1  4 W - -        48            0       47f5ec            0 SUB      SUB_IMM
1 47f5ec -1  4 12 - - -        16            0       47f5f1            0 LEA      LEA
1 47f5f1  7  4 -1 - - S         8  7fffe7fef48       47f5f6            0 MOV      STORE
1 47f5f6 12 -1  7 - - -         0            0       47f5f9            0 MOV      ADD
1 47f5f9 -1 -1 44 - - -         0            0       47f5fe            0 CALL     SAVE_PC
2 47f5f9  4 -1  4 - - -         8            0       47f5fe            0 CALL     SUB_IMM
3 47f5f9 44  4 -1 - - S         0  7fffe7fef38       47f5fe            0 CALL     STORE
4 47f5f9 -1 -1 -1 - T -   -231406            0       47f5fe       446e10 CALL     JMP_IMM
1 446e10  7 -1  0 - - -         0            0       446e13            0 MOV      ADD
1 446e13 -1  7 -1 - - S         8  7fffe7fef58       446e1b            0 MOV      STORE
1 446e1b -1  7 -1 - - S         0  7fffe7fef50       446e22            0 MOV      STORE
1 446e22 -1  4 44 - - L         0  7fffe7fef38       446e23            0 RET      LOAD
2 446e22  4 -1  4 - - -         8            0       446e23            0 RET      ADD_IMM
3 446e22 44 -1 -1 - T -         0            0       446e23       47f5fe RET      JMP_REG
1 47f5fe -1  4  7 - - -         8            0       47f603            0 LEA      LEA
1 47f603 12 -1  2 - - -         0            0       47f606            0 MOV      ADD
1 47f606 -1 -1  6 - - -   4716304            0       47f60b            0 MOV      ADD_IMM
1 47f60b -1 -1 44 - - -         0            0       47f610            0 CALL     SAVE_PC
2 47f60b  4 -1  4 - - -         8            0       47f610            0 CALL     SUB_IMM
3 47f60b 44  4 -1 - - S         0  7fffe7fef38       47f610            0 CALL     STORE
4 47f60b -1 -1 -1 - T -   1828768            0       47f610       63ddb0 CALL     JMP_IMM
1 63ddb0 15  4 -1 - - S        -8  7fffe7fef30       63ddb2            0 PUSH     STORE
2 63ddb0  4 -1  4 - - -         8            0       63ddb2            0 PUSH     SUB_IMM
1 63ddb2  6 -1 15 - - -         0            0       63ddb5            0 MOV      ADD
1 63ddb5  2 -1  6 - - -         0            0       63ddb8            0 MOV      ADD
1 63ddb8 14  4 -1 - - S        -8  7fffe7fef28       63ddba            0 PUSH     STORE
2 63ddb8  4 -1  4 - - -         8            0       63ddba            0 PUSH     SUB_IMM
1 63ddba  2 -1 14 - - -         0            0       63ddbd            0 MOV      ADD
1 63ddbd 13  4 -1 - - S        -8  7fffe7fef20       63ddbf            0 PUSH     STORE
2 63ddbd  4 -1  4 - - -         8            0       63ddbf            0 PUSH     SUB_IMM
1 63ddbf 12  4 -1 - - S        -8  7fffe7fef18       63ddc1            0 PUSH     STORE
2 63ddbf  4 -1  4 - - -         8            0       63ddc1            0 PUSH     SUB_IMM
1 63ddc1  5  4 -1 - - S        -8  7fffe7fef10       63ddc2            0 PUSH     STORE
2 63ddc1  4 -1  4 - - -         8            0       63ddc2            0 PUSH     SUB_IMM
1 63ddc2  3  4 -1 - - S        -8  7fffe7fef08       63ddc3            0 PUSH     STORE
2 63ddc2  4 -1  4 - - -         8            0       63ddc3            0 PUSH     SUB_IMM
1 63ddc3  4 -1  4 W - -       216            0       63ddca            0 SUB      SUB_IMM
1 63ddca  7  4 -1 - - S        80  7fffe7fee80       63ddcf            0 MOV      STORE
1 63ddcf -1 -1 44 - - -         0            0       63ddd2            0 CALL     SAVE_PC
2 63ddcf  4 -1  4 - - -         8            0       63ddd2            0 CALL     SUB_IMM
3 63ddcf 44  4 -1 - - S         0  7fffe7fee28       63ddd2            0 CALL     STORE
4 63ddcf 15 -1 -1 - T -         0            0       63ddd2       47f710 CALL     JMP_REG
1 47f710  4 -1  4 W - -         8            0       47f714            0 SUB      SUB_IMM
1 47f714 -1  7  0 - - L         0  7fffe7fef48       47f717            0 MOV      LOAD
1 47f717  6 -1  2 - - -         0            0       47f71a            0 MOV      ADD
1 47f71a  0  0 44 W - -         0            0       47f71d            0 TEST     AND
1 47f71d -1 -1 -1 R N -         6            0       47f71f       47f725 J        JMP_IMM
1 47f71f -1  0 45 - - L         0      12ff200       47f723            0 CMP      LOAD
2 47f71f 45 -1 44 W - -        61            0       47f723            0 CMP      SUB_IMM
1 47f723 -1 -1 -1 R T -        11            0       47f725       47f730 J        JMP_IMM
1 47f730 -1  0  6 - - L         8      12ff208       47f733            0 MOV      LOAD
1 47f733  2 -1  7 - - -         0            0       47f736            0 MOV      ADD
1 47f736 -1 -1 44 - - -         0            0       47f73b            0 CALL     SAVE_PC
2 47f736  4 -1  4 - - -         8            0       47f73b            0 CALL     SUB_IMM
3 47f736 44  4 -1 - - S         0  7fffe7fee18       47f73b            0 CALL     STORE
4 47f736 -1 -1 -1 - T -   -228683            0       47f73b       4479f0 CALL     JMP_IMM
1 4479f0 12  4 -1 - - S        -8  7fffe7fee10       4479f2            0 PUSH     STORE
2 4479f0  4 -1  4 - - -         8            0       4479f2            0 PUSH     SUB_IMM
1 4479f2  6 -1 12 - - -         0            0       4479f5            0 MOV      ADD
1 4479f5 12 -1 12 W - -         7            0       4479f9            0 SHR      SHR_IMM
1 4479f9  5  4 -1 - - S        -8  7fffe7fee08       4479fa            0 PUSH     STORE
2 4479f9  4 -1  4 - - -         8            0       4479fa            0 PUSH     SUB_IMM
1 4479fa  7 -1  5 - - -         0            0       4479fd            0 MOV      ADD
1 4479fd  3  4 -1 - - S        -8  7fffe7fee00       4479fe            0 PUSH     STORE
2 4479fd  4 -1  4 - - -         8            0       4479fe            0 PUSH     SUB_IMM
1 4479fe -1  7  7 - - L         8  7fffe7fef58       447a02            0 MOV      LOAD
1 447a02  6 -1  3 - - -         0            0       447a04            0 MOV      ADD
1 447a04  7  7 44 W - -         0            0       447a07            0 TEST     AND
1 447a07 -1 -1 -1 R T -        64            0       447a09       447a49 J        JMP_IMM
1 447a49 -1 -1 44 - - -   6136680            0       447a50            0 MOV      SAVE_PC
2 447a49 -1 44  6 - - L         0       a21db8       447a50            0 MOV      LOAD
1 447a50  6  6 44 W - -         0            0       447a53            0 TEST     AND
1 447a53 -1 -1 -1 R N -       233            0       447a59       447b42 J        JMP_IMM
1 447a59 -1  6  0 - - L         0      1889458       447a5c            0 MOV      LOAD
1 447a5c -1 -1 44 - - -   6136661            0       447a63            0 MOV      SAVE_PC
2 447a5c  0 44 -1 - - S         0       a21db8       447a63            0 MOV      STORE
1 447a63  3 -1  2 - - -         0            0       447a65            0 MOV      ADD
1 447a65  3 -1  3 W - -        63            0       447a68            0 AND      AND_IMM
1 447a68 -1 -1  0 - - -         1            0       447a6d            0 MOV      ADD_IMM
1 447a6d  2 -1  2 W - -         6            0       447a70            0 SHR      SHR_IMM
1 447a70  3 -1  1 - - -         0            0       447a72            0 MOV      ADD
1 447a72 -1  6 -1 - - S        24      1889470       447a7a            0 MOV      STORE
1 447a7a -1  6 -1 - - S        32      1889478       447a82            0 MOV      STORE
1 447a82  2 -1  2 W - -         1            0       447a85            0 AND      AND_IMM
1 447a85  0  1  0 W - -         0            0       447a88            0 SHL      SHL
1 447a88 -1  5 45 - - L         0  7fffe7fef50       447a8d            0 CMP      LOAD
2 447a88 45 -1 44 W - -         0            0       447a8d            0 CMP      SUB
1 447a8d 12  6 -1 - - S        16      1889468       447a91            0 MOV      STORE
1 447a91  2  6 44 - - -        24            0       447a96            0 MOV      LEA
2 447a91  0 44 -1 - - S         0      1889470       447a96            0 MOV      STORE
1 447a96 -1 -1 -1 R T -       330            0       447a9c       447be6 J        JMP_IMM
1 447be6 -1  6 -1 - - S         8      1889460       447bee            0 MOV      STORE
1 447bee -1  6 -1 - - S         0      1889458       447bf5            0 MOV      STORE
1 447bf5  6  5 -1 - - S         0  7fffe7fef50       447bf9            0 MOV      STORE
1 447bf9 -1 -1 -1 - T -      -201            0       447bfe       447b35 JMP      JMP_IMM
1 447b35  6  5 -1 - - S         8  7fffe7fef58       447b39            0 MOV      STORE
1 447b39 12  5 -1 - - S        16  7fffe7fef60       447b3d            0 MOV      STORE
1 447b3d -1  4  3 - - L         0  7fffe7fee00       447b3e            0 POP      LOAD
2 447b3d  4 -1  4 - - -         8            0       447b3e            0 POP      ADD_IMM
1 447b3e -1  4  5 - - L         0  7fffe7fee08       447b3f            0 POP      LOAD
2 447b3e  4 -1  4 - - -         8            0       447b3f            0 POP      ADD_IMM
1 447b3f -1  4 12 - - L         0  7fffe7fee10       447b41            0 POP      LOAD
2 447b3f  4 -1  4 - - -         8            0       447b41            0 POP      ADD_IMM
1 447b41 -1  4 44 - - L         0  7fffe7fee18       447b42            0 RET      LOAD
2 447b41  4 -1  4 - - -         8            0       447b42            0 RET      ADD_IMM
3 447b41 44 -1 -1 - T -         0            0       447b42       47f73b RET      JMP_REG
1 47f73b -1 -1  0 - - -         0            0       47f73d            0 XOR      ADD
1 47f73d  4 -1  4 W - -         8            0       47f741            0 ADD      ADD_IMM
1 47f741 -1  4 44 - - L         0  7fffe7fee28       47f742            0 RET      LOAD
2 47f741  4 -1  4 - - -         8            0       47f742            0 RET      ADD_IMM
3 47f741 44 -1 -1 - T -         0            0       47f742       63ddd2 RET      JMP_REG
1 63ddd2  0  4 -1 - - S        92  7fffe7fee8c       63ddd6            0 MOV      STORE
1 63ddd6  0 -1  0 W - -         1            0       63ddd9            0 ADD      ADD_IMM
1 63ddd9 -1 -1 -1 R N -      1041            0       63dddf       63e1f0 J        JMP_IMM
1 63dddf -1  4 11 - - L        92  7fffe7fee8c       63dde4            0 MOV      LOAD
1 63dde4 11 11 44 W - -         0            0       63dde7            0 TEST     AND
1 63dde7 -1 -1 -1 R N -       131            0       63dded       63de70 J        JMP_IMM
1 63dded -1  4  2 - - L        80  7fffe7fee80       63ddf2            0 MOV      LOAD
1 63ddf2 -1  2  0 - - L         0  7fffe7fef48       63ddf5            0 MOV      LOAD
1 63ddf5  0  0 44 W - -         0            0       63ddf8            0 TEST     AND
1 63ddf8 -1 -1 -1 R N -       118            0       63ddfa       63de70 J        JMP_IMM
1 63ddfa -1  0 44 - - L         0      12ff200       63ddfd            0 MOVZX    LOAD
2 63ddfa 44 -1  0 - - -         0            0       63ddfd            0 MOVZX    ZEXT_WORD_TO_DWORD
1 63ddfd  0 -1  1 - - L   8112448       7bcb28       63de05            0 MOV      LOAD
1 63de05 -1  0 44 - - L   8109184       7bbcbd       63de0c            0 MOVZX    LOAD
2 63de05 44 -1  0 - - -         0            0       63de0c            0 MOVZX    ZEXT_BYTE_TO_DWORD
1 63de0c  1  4 -1 - - S        96  7fffe7fee90       63de11            0 MOV      STORE
1 63de11  0  0 44 W - -         0            0       63de13            0 TEST     AND
1 63de13 -1 -1 -1 R N -        91            0       63de15       63de70 J        JMP_IMM
1 63de15  0 -1  0 W - -         1            0       63de18            0 SUB      SUB_IMM
1 63de18 -1  4 -1 - - S       208  7fffe7fef00       63de24            0 MOV      STORE
1 63de24  0 -1  0 W - -         1            0       63de28            0 ADD      ADD_IMM
1 63de28  0  4 -1 - - S        24  7fffe7fee48       63de2d            0 MOV      STORE
1 63de2d -1  4  3 - - L       208  7fffe7fef00       63de35            0 MOV      LOAD
1 63de35 -1  4  1 - - L        96  7fffe7fee90       63de3a            0 MOV      LOAD
1 63de3a -1  4  2 - - L       208  7fffe7fef00       63de41            0 MOV      LOAD
1 63de41  1  3 44 - - L         0       7bb3f4       63de45            0 MOVZX    LOAD
2 63de41 44 -1  0 - - -         0            0       63de45            0 MOVZX    ZEXT_BYTE_TO_DWORD
1 63de45  0 -1 44 W - -        86            0       63de47            0 CMP      SUB_IMM
1 63de47 -1 -1 -1 R N -        61            0       63de49       63de86 J        JMP_IMM
1 63de49  0 -1 44 W - -       101            0       63de4b            0 CMP      SUB_IMM
1 63de4b -1 -1 -1 R N -       719            0       63de51       63e120 J        JMP_IMM
1 63de51  0 -1 44 W - -        69            0       63de53            0 CMP      SUB_IMM
1 63de53 -1 -1 -1 R N -        49            0       63de55       63de86 J        JMP_IMM
1 63de55 -1  4 45 - - L       208  7fffe7fef00       63de5e            0 ADD      LOAD
2 63de55 45 -1 44 W - -         1            0       63de5e            0 ADD      ADD_IMM
3 63de55 44  4 -1 - - S       208  7fffe7fef00       63de5e            0 ADD      STORE
1 63de5e -1  4  0 - - L        24  7fffe7fee48       63de63            0 MOV      LOAD
1 63de63 -1  4 45 - - L       208  7fffe7fef00       63de6b            0 CMP      LOAD
2 63de63 45  0 44 W - -         0            0       63de6b            0 CMP      SUB
1 63de6b -1 -1 -1 R T -       -64            0       63de6d       63de2d J        JMP_IMM
1 63de2d -1  4  3 - - L       208  7fffe7fef00       63de35            0 MOV      LOAD
1 63de35 -1  4  1 - - L        96  7fffe7fee90       63de3a            0 MOV      LOAD
1 63de3a -1  4  2 - - L       208  7fffe7fef00       63de41            0 MOV      LOAD
1 63de41  1  3 44 - - L         0       7bb3f5       63de45            0 MOVZX    LOAD
2 63de41 44 -1  0 - - -         0            0       63de45            0 MOVZX    ZEXT_BYTE_TO_DWORD
1 63de45  0 -1 44 W - -        86            0       63de47            0 CMP      SUB_IMM
1 63de47 -1 -1 -1 R N -        61            0       63de49       63de86 J        JMP_IMM
1 63de49  0 -1 44 W - -       101            0       63de4b            0 CMP      SUB_IMM
1 63de4b -1 -1 -1 R N -       719            0       63de51       63e120 J        JMP_IMM
1 63de51  0 -1 44 W - -        69            0       63de53            0 CMP      SUB_IMM
1 63de53 -1 -1 -1 R N -        49            0       63de55       63de86 J        JMP_IMM
1 63de55 -1  4 45 - - L       208  7fffe7fef00       63de5e            0 ADD      LOAD
2 63de55 45 -1 44 W - -         1            0       63de5e            0 ADD      ADD_IMM
3 63de55 44  4 -1 - - S       208  7fffe7fef00       63de5e            0 ADD      STORE
1 63de5e -1  4  0 - - L        24  7fffe7fee48       63de63            0 MOV      LOAD
1 63de63 -1  4 45 - - L       208  7fffe7fef00       63de6b            0 CMP      LOAD
2 63de63 45  0 44 W - -         0            0       63de6b            0 CMP      SUB
1 63de6b -1 -1 -1 R N -       -64            0       63de6d       63de2d J        JMP_IMM
1 63de6d -1 -1 -1 - - -         0            0       63de70            0 NOP      NOP
1 63de70 -1  4  0 - - L        92  7fffe7fee8c       63de74            0 MOV      LOAD
1 63de74  4 -1  4 W - -       216            0       63de7b            0 ADD      ADD_IMM
1 63de7b -1  4  3 - - L         0  7fffe7fef08       63de7c            0 POP      LOAD
2 63de7b  4 -1  4 - - -         8            0       63de7c            0 POP      ADD_IMM
1 63de7c -1  4  5 - - L         0  7fffe7fef10       63de7d            0 POP      LOAD
2 63de7c  4 -1  4 - - -         8            0       63de7d            0 POP      ADD_IMM
1 63de7d -1  4 12 - - L         0  7fffe7fef18       63de7f            0 POP      LOAD
2 63de7d  4 -1  4 - - -         8            0       63de7f            0 POP      ADD_IMM
1 63de7f -1  4 13 - - L         0  7fffe7fef20       63de81            0 POP      LOAD
2 63de7f  4 -1  4 - - -         8            0       63de81            0 POP      ADD_IMM
1 63de81 -1  4 14 - - L         0  7fffe7fef28       63de83            0 POP      LOAD
2 63de81  4 -1  4 - - -         8            0       63de83            0 POP      ADD_IMM
1 63de83 -1  4 15 - - L         0  7fffe7fef30       63de85            0 POP      LOAD
2 63de83  4 -1  4 - - -         8            0       63de85            0 POP      ADD_IMM
1 63de85 -1  4 44 - - L         0  7fffe7fef38       63de86            0 RET      LOAD
2 63de85  4 -1  4 - - -         8            0       63de86            0 RET      ADD_IMM
3 63de85 44 -1 -1 - T -         0            0       63de86       47f610 RET      JMP_REG
1 47f610 -1  4  8 - - L        16  7fffe7fef50       47f615            0 MOV      LOAD
1 47f615  8  8 44 W - -         0            0       47f618            0 TEST     AND
1 47f618 -1 -1 -1 R N -       218            0       47f61e       47f6f8 J        JMP_IMM
1 47f61e -1 -1  9 - - -         0            0       47f621            0 XOR      ADD
1 47f621  9  8  6 - - L        24      1889470       47f626            0 MOV      LOAD
1 47f626  9 -1 10 - - -         0            0       47f629            0 MOV      ADD
1 47f629  6  6 44 W - -         0            0       47f62c            0 TEST     AND
1 47f62c -1 -1 -1 R N -       131            0       47f632       47f6b5 J        JMP_IMM
1 47f632 -1 -1  7 - - -         0            0       47f634            0 XOR      ADD
1 47f634 -1 -1 11 - - -         1            0       47f63a            0 MOV      ADD_IMM
1 47f63a -1 -1 -1 - - -         0            0       47f640            0 NOP      NOP
1 47f640  7 -1  1 - - -         0            0       47f642            0 MOV      ADD
1 47f642 11 -1  0 - - -         0            0       47f645            0 MOV      ADD
1 47f645  0  1  0 W - -         0            0       47f648            0 SHL      SHL
1 47f648  0  6 44 W - -         0            0       47f64b            0 TEST     AND
1 47f64b -1 -1 -1 R N -        94            0       47f64d       47f6ab J        JMP_IMM
1 47f64d  0 -1  0 - - -         0            0       47f650            0 NOT      NOT
1 47f650  6  0  6 W - -         0            0       47f653            0 AND      AND
1 47f653 -1  8  0 - - L        16      1889468       47f657            0 MOV      LOAD
1 47f657  0 10  0 - - -         0            0       47f65b            0 LEA      LEA
1 47f65b  0 -1  0 W - -         6            0       47f65e            0 SHL      SHL_IMM
1 47f65e  1  0  2 - - -         0            0       47f661            0 LEA      LEA
1 47f661  2 -1 44 W - -        20            0       47f664            0 CMP      SUB_IMM
1 47f664 -1 -1 -1 R N -        64            0       47f666       47f6a6 J        JMP_IMM
1 47f666  2 -1 44 W - -         6            0       47f669            0 CMP      SUB_IMM
1 47f669 -1 -1 -1 R N -        59            0       47f66b       47f6a6 J        JMP_IMM
1 47f66b  2 -1 44 W - -         7            0       47f66e            0 CMP      SUB_IMM
1 47f66e -1 -1 -1 R N -        54            0       47f670       47f6a6 J        JMP_IMM
1 47f670  2 -1 44 W - -        16            0       47f673            0 CMP      SUB_IMM
1 47f673 -1 -1 -1 R N -        49            0       47f675       47f6a6 J        JMP_IMM
1 47f675 -1  2  0 - - -       -53            0       47f678            0 LEA      LEA
1 47f678  0 -1 44 W - -         4            0       47f67b            0 CMP      SUB_IMM
1 47f67b -1 -1 -1 R N -        41            0       47f67d       47f6a6 J        JMP_IMM
1 47f67d  2 -1 44 W - -        52            0       47f680            0 CMP      SUB_IMM
1 47f680 -1 -1  0 - - -         1            0       47f685            0 MOV      ADD_IMM
1 47f685 -1 -1 -1 R T -        29            0       47f687       47f6a4 J        JMP_IMM
1 47f6a4  3  0  3 W - -         0            0       47f6a6            0 ADD      ADD
1 47f6a6  6  6 44 W - -         0            0       47f6a9            0 TEST     AND
1 47f6a9 -1 -1 -1 R T -        10            0       47f6ab       47f6b5 J        JMP_IMM
1 47f6b5  9 -1  9 W - -         1            0       47f6b9            0 ADD      ADD_IMM
1 47f6b9  9 -1 44 W - -         2            0       47f6bd            0 CMP      SUB_IMM
1 47f6bd -1 -1 -1 R T -      -162            0       47f6c3       47f621 J        JMP_IMM
1 47f621  9  8  6 - - L        24      1889478       47f626            0 MOV      LOAD
1 47f626  9 -1 10 - - -         0            0       47f629            0 MOV      ADD
1 47f629  6  6 44 W - -         0            0       47f62c            0 TEST     AND
1 47f62c -1 -1 -1 R T -       131            0       47f632       47f6b5 J        JMP_IMM
1 47f6b5  9 -1  9 W - -         1            0       47f6b9            0 ADD      ADD_IMM
1 47f6b9  9 -1 44 W - -         2            0       47f6bd            0 CMP      SUB_IMM
1 47f6bd -1 -1 -1 R N -      -162            0       47f6c3       47f621 J        JMP_IMM
1 47f6c3 -1  8  8 - - L         0      1889458       47f6c6            0 MOV      LOAD
1 47f6c6  8  8 44 W - -         0            0       47f6c9            0 TEST     AND
1 47f6c9 -1 -1 -1 R N -      -177            0       47f6cf       47f61e J        JMP_IMM
1 47f6cf 12 -1  7 - - -         0            0       47f6d2            0 MOV      ADD
1 47f6d2 -1 -1 44 - - -         0            0       47f6d7            0 CALL     SAVE_PC
2 47f6d2  4 -1  4 - - -         8            0       47f6d7            0 CALL     SUB_IMM
3 47f6d2 44  4 -1 - - S         0  7fffe7fef38       47f6d7            0 CALL     STORE
4 47f6d2 -1 -1 -1 - T -   -232199            0       47f6d7       446bd0 CALL     JMP_IMM
1 446bd0 -1  7  0 - - L         0  7fffe7fef50       446bd3            0 MOV      LOAD
1 446bd3  0  0 44 W - -         0            0       446bd6            0 TEST     AND
1 446bd6 -1 -1 -1 R N -        33            0       446bd8       446bf9 J        JMP_IMM
1 446bd8 -1 -1 44 - - -   6140377            0       446bdf            0 MOV      SAVE_PC
2 446bd8 -1 44  1 - - L         0       a21db8       446bdf            0 MOV      LOAD
1 446bdf -1 -1 -1 - T -         6            0       446be1       446be7 JMP      JMP_IMM
1 446be7 -1  0  2 - - L         0      1889458       446bea            0 MOV      LOAD
1 446bea  1  0 -1 - - S         0      1889458       446bed            0 MOV      STORE
1 446bed  2  2 44 W - -         0            0       446bf0            0 TEST     AND
1 446bf0 -1 -1 -1 R N -       -17            0       446bf2       446be1 J        JMP_IMM
1 446bf2 -1 -1 44 - - -   6140351            0       446bf9            0 MOV      SAVE_PC
2 446bf2  0 44 -1 - - S         0       a21db8       446bf9            0 MOV      STORE
1 446bf9 -1  7 -1 - - S         8  7fffe7fef58       446c01            0 MOV      STORE
1 446c01 -1  7 -1 - - S         0  7fffe7fef50       446c08            0 MOV      STORE
1 446c08 -1  4 44 - - L         0  7fffe7fef38       446c09            0 RET      LOAD
2 446c08  4 -1  4 - - -         8            0       446c09            0 RET      ADD_IMM
3 446c08 44 -1 -1 - T -         0            0       446c09       47f6d7 RET      JMP_REG
1 47f6d7  5  5 44 W - -         0            0       47f6d9            0 TEST     AND
1 47f6d9 -1 -1 -1 R T -         5            0       47f6db       47f6e0 J        JMP_IMM
1 47f6e0  4 -1  4 W - -        48            0       47f6e4            0 ADD      ADD_IMM
1 47f6e4  3 -1  0 - - -         0            0       47f6e6            0 MOV      ADD
1 47f6e6 -1  4  3 - - L         0  7fffe7fef70       47f6e7            0 POP      LOAD
2 47f6e6  4 -1  4 - - -         8            0       47f6e7            0 POP      ADD_IMM
1 47f6e7 -1  4  5 - - L         0  7fffe7fef78       47f6e8            0 POP      LOAD
2 47f6e7  4 -1  4 - - -         8            0       47f6e8            0 POP      ADD_IMM
1 47f6e8 -1  4 12 - - L         0  7fffe7fef80       47f6ea            0 POP      LOAD
2 47f6e8  4 -1  4 - - -         8            0       47f6ea            0 POP      ADD_IMM
1 47f6ea -1  4 44 - - L         0  7fffe7fef88       47f6eb            0 RET      LOAD
2 47f6ea  4 -1  4 - - -         8            0       47f6eb            0 RET      ADD_IMM
3 47f6ea 44 -1 -1 - T -         0            0       47f6eb       482c2e RET      JMP_REG
1 482c2e 15 -1  2 - - -         0            0       482c31            0 MOV      ADD
1 482c31  0 13 -1 - - S        68       d5d074       482c35            0 MOV      STORE
1 482c35 -1 13 -1 - - S        32       d5d050       482c3d            0 MOV      STORE
1 482c3d -1 13 -1 - - S        40       d5d058       482c45            0 MOV      STORE
1 482c45  2 -1  6 - - L  10655264       a29660       482c4d            0 MOV      LOAD
1 482c4d -1 13 -1 - - S        76       d5d07c       482c52            0 MOV      STORE
1 482c52 -1  4  0 - - L         0  7fffe7fef90       482c55            0 MOV      LOAD
1 482c55 -1 13 -1 - - S        24       d5d048       482c5d            0 MOV      STORE
1 482c5d -1 13 -1 - - S        56       d5d068       482c65            0 MOV      STORE
1 482c65  6 13 -1 - - S        16       d5d040       482c69            0 MOV      STORE
1 482c69  0 13 -1 - - S        72       d5d078       482c6d            0 MOV      STORE
1 482c6d -1  5 44 - - L         0      12ff200       482c71            0 MOVZX    LOAD
2 482c6d 44 -1  1 - - -         0            0       482c71            0 MOVZX    ZEXT_WORD_TO_DWORD
1 482c71 -1  1  0 - - -       -67            0       482c74            0 LEA      LEA
1 482c74  0 -1 44 W - -         1            0       482c78            0 CMP      SUB_IMM
1 482c78 -1 -1 -1 R T -       439            0       482c7e       482e35 J        JMP_IMM
1 482e35  1 -1 44 W - -        54            0       482e39            0 CMP      SUB_IMM
1 482e39 -1 -1 -1 R N -      -449            0       482e3f       482c7e J        JMP_IMM
1 482e3f  1 -1 44 W - -        55            0       482e43            0 CMP      SUB_IMM
1 482e43 -1 -1 -1 R N -      -459            0       482e49       482c7e J        JMP_IMM
1 482e49  1 -1 44 W - -        58            0       482e4d            0 CMP      SUB_IMM
1 482e4d -1 -1 -1 - - -         0            0       482e50            0 NOP      NOP
1 482e50 -1 -1 -1 R N -      -472            0       482e56       482c7e J        JMP_IMM
1 482e56  1 -1 44 W - -       134            0       482e5b            0 CMP      SUB_IMM
1 482e5b -1 -1 -1 - - -         0            0       482e60            0 NOP      NOP
1 482e60 -1 -1 -1 R N -      -488            0       482e66       482c7e J        JMP_IMM
1 482e66  1 -1 44 W - -        56            0       482e6a            0 CMP      SUB_IMM
1 482e6a -1 -1 -1 R N -      -498            0       482e70       482c7e J        JMP_IMM
1 482e70  1 -1 44 W - -       140            0       482e75            0 CMP      SUB_IMM
1 482e75 -1 -1 -1 R N -      -509            0       482e7b       482c7e J        JMP_IMM
1 482e7b -1  5  0 - - L         0      12ff200       482e7e            0 MOV      LOAD
1 482e7e  0 -1  0 W - -  67174399            0       482e83            0 AND      AND_IMM
1 482e83  0 -1 44 W - -  67108925            0       482e88            0 CMP      SUB_IMM
1 482e88 -1 -1 -1 R N -      1978            0       482e8e       483648 J        JMP_IMM
1 482e8e -1 -1 44 - - -   6468739            0       482e95            0 MOV      SAVE_PC
2 482e8e -1 44  8 - - L         0       aae318       482e95            0 MOV      LOAD
1 482e95  5  8 44 W - -         0            0       482e98            0 CMP      SUB
1 482e98 -1 -1 -1 R N -      -544            0       482e9e       482c7e J        JMP_IMM
1 482e9e -1 -1 44 - - -   6468731            0       482ea5            0 MOV      SAVE_PC
2 482e9e -1 44  7 - - L         0       aae320       482ea5            0 MOV      LOAD
1 482ea5  5  7 44 W - -         0            0       482ea8            0 CMP      SUB
1 482ea8 -1 -1 -1 R N -      -560            0       482eae       482c7e J        JMP_IMM
1 482eae -1 -1 44 - - -   6468723            0       482eb5            0 MOV      SAVE_PC
2 482eae -1 44 11 - - L         0       aae328       482eb5            0 MOV      LOAD
1 482eb5  5 11 44 W - -         0            0       482eb8            0 CMP      SUB
1 482eb8 -1 -1 -1 R N -      2482            0       482ebe       483870 J        JMP_IMM
1 482ebe -1 -1 44 - - -   6468723            0       482ec5            0 MOV      SAVE_PC
2 482ebe -1 44  9 - - L         0       aae338       482ec5            0 MOV      LOAD
1 482ec5  5  9 44 W - -         0            0       482ec8            0 CMP      SUB
1 482ec8 -1 -1 -1 R N -      -592            0       482ece       482c7e J        JMP_IMM
1 482ece -1 -1 44 - - -   6468699            0       482ed5            0 MOV      SAVE_PC
2 482ece -1 44 10 - - L         0       aae330       482ed5            0 MOV      LOAD
1 482ed5  5 10 44 W - -         0            0       482ed8            0 CMP      SUB
1 482ed8 -1 -1 -1 R N -      -608            0       482ede       482c7e J        JMP_IMM
1 482ede  1 -1 44 W - -        75            0       482ee2            0 CMP      SUB_IMM
1 482ee2 -1 -1 -1 R N -      2461            0       482ee8       483885 J        JMP_IMM
1 482ee8  1 -1 44 W - -        70            0       482eec            0 CMP      SUB_IMM
1 482eec -1 -1  1 - - -         0            0       482eef            0 SET      ADD
2 482eec -1 -1  1 R - -         1            0       482eef            0 SET      ADD_IMM
1 482eef -1 -1 -1 - T -      -625            0       482ef4       482c83 JMP      JMP_IMM
1 482c83  6  6 44 W - -         0            0       482c86            0 TEST     AND
1 482c86  1 13 -1 - - S        77       d5d07d       482c8a            0 MOV      STORE
1 482c8a -1 -1 -1 R N -         4            0       482c8c       482c90 J        JMP_IMM
1 482c8c 13  6 -1 - - S        24       d56888       482c90            0 MOV      STORE
1 482c90 14 14 44 W - -         0            0       482c93            0 TEST     AND
1 482c93  2 -1 44 - - -  10655264            0       482c9b            0 MOV      LEA
2 482c93 13 44 -1 - - S         0       a29660       482c9b            0 MOV      STORE
1 482c9b -1 -1 -1 R N -      1217            0       482ca1       483162 J        JMP_IMM
1 482ca1 -1 14 12 - - L        48       d5c880       482ca5            0 MOV      LOAD
1 482ca5 -1 13  6 - - L        64       d5d070       482ca9            0 MOV      LOAD
1 482ca9 -1 13  8 - - L        68       d5d074       482cad            0 MOV      LOAD
1 482cad -1 12  0 - - L        64       d5c890       482cb2            0 MOV      LOAD
1 482cb2 -1 12  2 - - L        68       d5c894       482cb7            0 MOV      LOAD
1 482cb7  0  6 44 W - -         0            0       482cb9            0 CMP      SUB
1 482cb9 -1 -1 -1 R T -        19            0       482cbb       482cce J        JMP_IMM
1 482cce  2  8 44 W - -         0            0       482cd1            0 CMP      SUB
1 482cd1 -1 -1 -1 R N -        25            0       482cd3       482cec J        JMP_IMM
1 482cd3  8 -1 44 W - - 2147483647            0       482cda            0 CMP      SUB_IMM
1 482cda -1 -1 -1 R N -      1927            0       482ce0       483467 J        JMP_IMM
1 482ce0  2 -1 44 W - - 2147483647            0       482ce6            0 CMP      SUB_IMM
1 482ce6 -1 -1 -1 R N -       612            0       482cec       482f50 J        JMP_IMM
1 482cec  0  6 44 W - -         0            0       482cee            0 CMP      SUB
1 482cee -1 -1 -1 - - -         0            0       482cf0            0 XCHG     NOP
1 482cf0 -1 -1 -1 R T -      1985            0       482cf6       4834b7 J        JMP_IMM
1 4834b7  2  8 44 W - -         0            0       4834ba            0 CMP      SUB
1 4834ba -1 -1 -1 - - -         0            0       4834c0            0 NOP      NOP
1 4834c0 -1 -1 -1 R N -     -1986            0       4834c6       482d04 J        JMP_IMM
1 4834c6  8 -1  0 - - -         0            0       4834c9            0 MOV      ADD
1 4834c9  0  2  0 W - -         0            0       4834cb            0 SUB      SUB
1 4834cb -1 -1 -1 - - -         0            0       4834d0            0 NOP      NOP
1 4834d0 -1 -1 -1 - T -     -2009            0       4834d5       482cfc JMP      JMP_IMM
1 482cfc  0  0 44 W - -         0            0       482cfe            0 TEST     AND
1 482cfe -1 -1 -1 R N -       588            0       482d04       482f50 J        JMP_IMM
1 482d04  8 -1 44 W - - 2147483647            0       482d0b            0 CMP      SUB_IMM
1 482d0b -1 -1 -1 R N -      1878            0       482d11       483467 J        JMP_IMM
1 482d11  6 -1 44 W - - 2147483647            0       482d17            0 CMP      SUB_IMM
1 482d17 -1 -1 -1 R N -      3373            0       482d1d       483a4a J        JMP_IMM
1 482d1d 12 -1  7 - - -         0            0       482d20            0 MOV      ADD
1 482d20 -1 -1 -1 - T -         9            0       482d22       482d2b JMP      JMP_IMM
1 482d2b -1  7  1 - - L        32       d5c870       482d2f            0 MOV      LOAD
1 482d2f  1  1 44 W - -         0            0       482d32            0 TEST     AND
1 482d32 -1 -1 -1 R N -      1536            0       482d38       483338 J        JMP_IMM
1 482d38 -1  1  0 - - L        64       d568b0       482d3b            0 MOV      LOAD
1 482d3b -1  1  2 - - L        68       d568b4       482d3e            0 MOV      LOAD
1 482d3e  0  6 44 W - -         0            0       482d40            0 CMP      SUB
1 482d40 -1 -1 -1 R T -         7            0       482d42       482d49 J        JMP_IMM
1 482d49  8  2 44 W - -         0            0       482d4c            0 CMP      SUB
1 482d4c -1 -1 -1 R T -         8            0       482d4e       482d56 J        JMP_IMM
1 482d56  0  6 44 W - -         0            0       482d58            0 CMP      SUB
1 482d58 -1 -1 -1 R N -       -56            0       482d5a       482d22 J        JMP_IMM
1 482d5a  8  2 44 W - -         0            0       482d5d            0 CMP      SUB
1 482d5d -1 -1 -1 - - -         0            0       482d60            0 NOP      NOP
1 482d60 -1 -1 -1 R T -         9            0       482d62       482d6b J        JMP_IMM
1 482d6b  1 13 -1 - - S        32       d5d050       482d6f            0 MOV      STORE
1 482d6f 13  1 -1 - - S        40       d56898       482d73            0 MOV      STORE
1 482d73  7 13 -1 - - S        40       d5d058       482d77            0 MOV      STORE
1 482d77 13  7 -1 - - S        32       d5c870       482d7b            0 MOV      STORE
1 482d7b 12 13 -1 - - S        48       d5d060       482d7f            0 MOV      STORE
1 482d7f -1 13 45 - - L        77       d5d07d       482d84            0 CMP      LOAD
2 482d7f 45 -1 44 W - -         0            0       482d84            0 CMP      SUB
1 482d84 -1 -1 -1 R T -        14            0       482d86       482d94 J        JMP_IMM
1 482d94 -1  5 45 - - L         0      12ff200       482d99            0 CMP      LOAD
2 482d94 45 -1 44 W - -        61            0       482d99            0 CMP      SUB_IMM
1 482d99 -1 -1 -1 R N -       125            0       482d9b       482e18 J        JMP_IMM
1 482d9b -1  5  3 - - L         8      12ff208       482d9e            0 MOV      LOAD
1 482d9e -1 -1 45 - - -   5924924            0       482da4            0 CMP      SAVE_PC
2 482d9e -1 45 45 - - L         0       a295e0       482da4            0 CMP      LOAD
3 482d9e  3 45 44 W - -         0            0       482da4            0 CMP      SUB
1 482da4 -1 -1 -1 R T -      1704            0       482daa       483452 J        JMP_IMM
1 483452 -1 -1 44 - - -   5923215            0       483459            0 MOV      SAVE_PC
2 483452 -1 44  2 - - L         0       a295e8       483459            0 MOV      LOAD
1 483459  2  2 44 W - -         0            0       48345c            0 TEST     AND
1 48345c -1 -1 -1 R T -     -1651            0       483462       482def J        JMP_IMM
1 482def -1  2 44 - - L        20       d5cbf4       482df3            0 MOVSX    LOAD
2 482def 44 -1  0 - - -         0            0       482df3            0 MOVSX    SEXT_DWORD_TO_QWORD
1 482df3 -1 -1 44 - - -   5923734            0       482dfa            0 MOV      SAVE_PC
2 482df3 -1 44  2 - - L         0       a29190       482dfa            0 MOV      LOAD
1 482dfa  0  0  0 - - -         0            0       482dfe            0 LEA      LEA
1 482dfe  0 -1  0 W - -         4            0       482e02            0 SHL      SHL_IMM
1 482e02  2  0 45 - - L         0      17863f0       482e07            0 CMP      LOAD
2 482e02 45 -1 44 W - -         0            0       482e07            0 CMP      SUB
1 482e07 -1 -1 -1 R N -      1784            0       482e0d       483505 J        JMP_IMM
1 482e0d -1  5 45 - - L         0      12ff200       482e12            0 CMP      LOAD
2 482e0d 45 -1 44 W - -        61            0       482e12            0 CMP      SUB_IMM
1 482e12 -1 -1 -1 R T -       862            0       482e18       483176 J        JMP_IMM
1 483176 -1  5  3 - - L         8      12ff208       483179            0 MOV      LOAD
1 483179 -1 -1 45 - - -   5923937            0       48317f            0 CMP      SAVE_PC
2 483179 -1 45 45 - - L         0       a295e0       48317f            0 CMP      LOAD
3 483179  3 45 44 W - -         0            0       48317f            0 CMP      SUB
1 48317f -1 -1 -1 R T -      1341            0       483185       4836c2 J        JMP_IMM
1 4836c2 -1 -1 44 - - -   5922591            0       4836c9            0 MOV      SAVE_PC
2 4836c2 -1 44  2 - - L         0       a295e8       4836c9            0 MOV      LOAD
1 4836c9  2  2 44 W - -         0            0       4836cc            0 TEST     AND
1 4836cc -1 -1 -1 R T -     -1283            0       4836d2       4831cf J        JMP_IMM
1 4831cf -1  2 44 - - L        20       d5cbf4       4831d3            0 MOVSX    LOAD
2 4831cf 44 -1  0 - - -         0            0       4831d3            0 MOVSX    SEXT_DWORD_TO_QWORD
1 4831d3 -1 -1 44 - - -   5922742            0       4831da            0 MOV      SAVE_PC
2 4831d3 -1 44  6 - - L         0       a29190       4831da            0 MOV      LOAD
1 4831da  0  0  0 - - -         0            0       4831de            0 LEA      LEA
1 4831de  0 -1  0 W - -         4            0       4831e2            0 SHL      SHL_IMM
1 4831e2  6  0 45 - - L         0      17863f0       4831e7            0 CMP      LOAD
2 4831e2 45 -1 44 W - -         0            0       4831e7            0 CMP      SUB
1 4831e7 -1 -1 -1 R N -      -981            0       4831ed       482e18 J        JMP_IMM
1 4831ed -1  5  3 - - L         8      12ff208       4831f0            0 MOV      LOAD
1 4831f0 -1 -1 45 - - -   5923818            0       4831f6            0 CMP      SAVE_PC
2 4831f0 -1 45 45 - - L         0       a295e0       4831f6            0 CMP      LOAD
3 4831f0  3 45 44 W - -         0            0       4831f6            0 CMP      SUB
1 4831f6 -1  5 44 - - L         2      12ff202       4831fb            0 MOVZX    LOAD
2 4831f6 44 -1 14 - - -         0            0       4831fb            0 MOVZX    ZEXT_BYTE_TO_DWORD
